{"text": "2024-02-10 06:24:47 | INFO    | __main__:stash:131 | run - {'image': '20231121', 'version': '0.10.1.post2', 'role': 'EpicPlayer', 'headless': True}\n", "record": {"elapsed": {"repr": "0:00:01.261522", "seconds": 1.261522}, "exception": null, "extra": {"image": "20231121", "version": "0.10.1.post2", "role": "EpicPlayer", "headless": true}, "file": {"name": "claim.py", "path": "/home/runner/work/epic-action/epic-action/epic/src/claim.py"}, "function": "stash", "level": {"icon": "‚ÑπÔ∏è", "name": "INFO", "no": 20}, "line": 131, "message": "run", "module": "claim", "name": "__main__", "process": {"id": 3517, "name": "MainProcess"}, "thread": {"id": 140464061389696, "name": "MainThread"}, "time": {"repr": "2024-02-10 06:24:47.918613+08:00", "timestamp": 1707517487.918613}}}
{"text": "2024-02-10 06:24:56 | INFO    | __main__:claim_epic_games:97 | Try to flush cookie - {'task': 'claim_epic_games'}\n", "record": {"elapsed": {"repr": "0:00:09.349237", "seconds": 9.349237}, "exception": null, "extra": {"task": "claim_epic_games"}, "file": {"name": "claim.py", "path": "/home/runner/work/epic-action/epic-action/epic/src/claim.py"}, "function": "claim_epic_games", "level": {"icon": "‚ÑπÔ∏è", "name": "INFO", "no": 20}, "line": 97, "message": "Try to flush cookie", "module": "claim", "name": "__main__", "process": {"id": 3517, "name": "MainProcess"}, "thread": {"id": 140464061389696, "name": "MainThread"}, "time": {"repr": "2024-02-10 06:24:56.006328+08:00", "timestamp": 1707517496.006328}}}
{"text": "2024-02-10 06:24:58 | SUCCESS    | epic_games.agent:_login:253 | login - {'result': 'Successfully refreshed tokens'}\n", "record": {"elapsed": {"repr": "0:00:11.369440", "seconds": 11.36944}, "exception": null, "extra": {"result": "Successfully refreshed tokens"}, "file": {"name": "agent.py", "path": "/home/runner/work/epic-action/epic-action/epic/src/epic_games/agent.py"}, "function": "_login", "level": {"icon": "‚úÖ", "name": "SUCCESS", "no": 25}, "line": 253, "message": "login", "module": "agent", "name": "epic_games.agent", "process": {"id": 3517, "name": "MainProcess"}, "thread": {"id": 140464061389696, "name": "MainThread"}, "time": {"repr": "2024-02-10 06:24:58.026531+08:00", "timestamp": 1707517498.026531}}}
{"text": "2024-02-10 06:25:09 | SUCCESS    | epic_games.agent:flush_token:280 | flush_token - {'path': PosixPath('/home/runner/work/epic-action/epic-action/epic/user_data_dir/epic-games@gcwm99/ctx_cookie.json')}\n", "record": {"elapsed": {"repr": "0:00:22.595330", "seconds": 22.59533}, "exception": null, "extra": {"path": "/home/runner/work/epic-action/epic-action/epic/user_data_dir/epic-games@gcwm99/ctx_cookie.json"}, "file": {"name": "agent.py", "path": "/home/runner/work/epic-action/epic-action/epic/src/epic_games/agent.py"}, "function": "flush_token", "level": {"icon": "‚úÖ", "name": "SUCCESS", "no": 25}, "line": 280, "message": "flush_token", "module": "agent", "name": "epic_games.agent", "process": {"id": 3517, "name": "MainProcess"}, "thread": {"id": 140464061389696, "name": "MainThread"}, "time": {"repr": "2024-02-10 06:25:09.252421+08:00", "timestamp": 1707517509.252421}}}
{"text": "2024-02-10 06:25:09 | WARNING    | epic_games.agent:get_order_history:467 | Failed to get order history, cookie may have expired - {}\n", "record": {"elapsed": {"repr": "0:00:22.680624", "seconds": 22.680624}, "exception": null, "extra": {}, "file": {"name": "agent.py", "path": "/home/runner/work/epic-action/epic-action/epic/src/epic_games/agent.py"}, "function": "get_order_history", "level": {"icon": "‚ö†Ô∏è", "name": "WARNING", "no": 30}, "line": 467, "message": "Failed to get order history, cookie may have expired", "module": "agent", "name": "epic_games.agent", "process": {"id": 3517, "name": "MainProcess"}, "thread": {"id": 140464061389696, "name": "MainThread"}, "time": {"repr": "2024-02-10 06:25:09.337715+08:00", "timestamp": 1707517509.337715}}}
{"text": "2024-02-10 06:25:09 | DEBUG    | __main__:create_tasks:66 | Put task - {'title': 'Doki Doki Literature Club Plus!', 'url': 'https://store.epicgames.com/en-US/p/doki-doki-literature-club-plus'}\n", "record": {"elapsed": {"repr": "0:00:22.954690", "seconds": 22.95469}, "exception": null, "extra": {"title": "Doki Doki Literature Club Plus!", "url": "https://store.epicgames.com/en-US/p/doki-doki-literature-club-plus"}, "file": {"name": "claim.py", "path": "/home/runner/work/epic-action/epic-action/epic/src/claim.py"}, "function": "create_tasks", "level": {"icon": "üêû", "name": "DEBUG", "no": 10}, "line": 66, "message": "Put task", "module": "claim", "name": "__main__", "process": {"id": 3517, "name": "MainProcess"}, "thread": {"id": 140464061389696, "name": "MainThread"}, "time": {"repr": "2024-02-10 06:25:09.611781+08:00", "timestamp": 1707517509.611781}}}
{"text": "2024-02-10 06:25:09 | DEBUG    | __main__:create_tasks:66 | Put task - {'title': 'Lost Castle', 'url': 'https://store.epicgames.com/en-US/p/lost-castle-abb2e2'}\n", "record": {"elapsed": {"repr": "0:00:22.955204", "seconds": 22.955204}, "exception": null, "extra": {"title": "Lost Castle", "url": "https://store.epicgames.com/en-US/p/lost-castle-abb2e2"}, "file": {"name": "claim.py", "path": "/home/runner/work/epic-action/epic-action/epic/src/claim.py"}, "function": "create_tasks", "level": {"icon": "üêû", "name": "DEBUG", "no": 10}, "line": 66, "message": "Put task", "module": "claim", "name": "__main__", "process": {"id": 3517, "name": "MainProcess"}, "thread": {"id": 140464061389696, "name": "MainThread"}, "time": {"repr": "2024-02-10 06:25:09.612295+08:00", "timestamp": 1707517509.612295}}}
{"text": "2024-02-10 06:25:09 | INFO    | epic_games.agent:claim_weekly_games:294 | claim_weekly_games - {'action': 'go to store', 'url': 'https://store.epicgames.com/en-US/p/doki-doki-literature-club-plus'}\n", "record": {"elapsed": {"repr": "0:00:22.955613", "seconds": 22.955613}, "exception": null, "extra": {"action": "go to store", "url": "https://store.epicgames.com/en-US/p/doki-doki-literature-club-plus"}, "file": {"name": "agent.py", "path": "/home/runner/work/epic-action/epic-action/epic/src/epic_games/agent.py"}, "function": "claim_weekly_games", "level": {"icon": "‚ÑπÔ∏è", "name": "INFO", "no": 20}, "line": 294, "message": "claim_weekly_games", "module": "agent", "name": "epic_games.agent", "process": {"id": 3517, "name": "MainProcess"}, "thread": {"id": 140464061389696, "name": "MainThread"}, "time": {"repr": "2024-02-10 06:25:09.612704+08:00", "timestamp": 1707517509.612704}}}
{"text": "2024-02-10 06:25:12 | INFO    | epic_games.agent:claim_weekly_games:294 | claim_weekly_games - {'action': 'go to store', 'url': 'https://store.epicgames.com/en-US/p/lost-castle-abb2e2'}\n", "record": {"elapsed": {"repr": "0:00:25.706861", "seconds": 25.706861}, "exception": null, "extra": {"action": "go to store", "url": "https://store.epicgames.com/en-US/p/lost-castle-abb2e2"}, "file": {"name": "agent.py", "path": "/home/runner/work/epic-action/epic-action/epic/src/epic_games/agent.py"}, "function": "claim_weekly_games", "level": {"icon": "‚ÑπÔ∏è", "name": "INFO", "no": 20}, "line": 294, "message": "claim_weekly_games", "module": "agent", "name": "epic_games.agent", "process": {"id": 3517, "name": "MainProcess"}, "thread": {"id": 140464061389696, "name": "MainThread"}, "time": {"repr": "2024-02-10 06:25:12.363952+08:00", "timestamp": 1707517512.363952}}}
{"text": "2024-02-10 06:25:23 | INFO    | epic_games.agent:claim_weekly_games:326 | claim_weekly_games - {'action': 'move to webPurchaseContainer iframe'}\n", "record": {"elapsed": {"repr": "0:00:37.337452", "seconds": 37.337452}, "exception": null, "extra": {"action": "move to webPurchaseContainer iframe"}, "file": {"name": "agent.py", "path": "/home/runner/work/epic-action/epic-action/epic/src/epic_games/agent.py"}, "function": "claim_weekly_games", "level": {"icon": "‚ÑπÔ∏è", "name": "INFO", "no": 20}, "line": 326, "message": "claim_weekly_games", "module": "agent", "name": "epic_games.agent", "process": {"id": 3517, "name": "MainProcess"}, "thread": {"id": 140464061389696, "name": "MainThread"}, "time": {"repr": "2024-02-10 06:25:23.994543+08:00", "timestamp": 1707517523.994543}}}
{"text": "2024-02-10 06:25:26 | INFO    | epic_games.agent:claim_weekly_games:328 | claim_weekly_games - {'action': 'click payment button'}\n", "record": {"elapsed": {"repr": "0:00:39.757607", "seconds": 39.757607}, "exception": null, "extra": {"action": "click payment button"}, "file": {"name": "agent.py", "path": "/home/runner/work/epic-action/epic-action/epic/src/epic_games/agent.py"}, "function": "claim_weekly_games", "level": {"icon": "‚ÑπÔ∏è", "name": "INFO", "no": 20}, "line": 328, "message": "claim_weekly_games", "module": "agent", "name": "epic_games.agent", "process": {"id": 3517, "name": "MainProcess"}, "thread": {"id": 140464061389696, "name": "MainThread"}, "time": {"repr": "2024-02-10 06:25:26.414698+08:00", "timestamp": 1707517526.414698}}}
{"text": "2024-02-10 06:25:31 | DEBUG    | hcaptcha_challenger.agents.playwright.control:_parse_label:241 | get task - {'prompt': 'Œ°lease click on the object that ‘Åiffers from others.'}\n", "record": {"elapsed": {"repr": "0:00:44.760721", "seconds": 44.760721}, "exception": null, "extra": {"prompt": "Œ°lease click on the object that ‘Åiffers from others."}, "file": {"name": "control.py", "path": "/opt/hostedtoolcache/Python/3.10.13/x64/lib/python3.10/site-packages/hcaptcha_challenger/agents/playwright/control.py"}, "function": "_parse_label", "level": {"icon": "üêû", "name": "DEBUG", "no": 10}, "line": 241, "message": "get task", "module": "control", "name": "hcaptcha_challenger.agents.playwright.control", "process": {"id": 3517, "name": "MainProcess"}, "thread": {"id": 140464061389696, "name": "MainThread"}, "time": {"repr": "2024-02-10 06:25:31.417812+08:00", "timestamp": 1707517531.417812}}}
{"text": "2024-02-10 06:25:36 | DEBUG    | epic_games.agent:insert_challenge:106 | task done - {'sattus': 'success'}\n", "record": {"elapsed": {"repr": "0:00:49.747451", "seconds": 49.747451}, "exception": null, "extra": {"sattus": "success"}, "file": {"name": "agent.py", "path": "/home/runner/work/epic-action/epic-action/epic/src/epic_games/agent.py"}, "function": "insert_challenge", "level": {"icon": "üêû", "name": "DEBUG", "no": 10}, "line": 106, "message": "task done", "module": "agent", "name": "epic_games.agent", "process": {"id": 3517, "name": "MainProcess"}, "thread": {"id": 140464061389696, "name": "MainThread"}, "time": {"repr": "2024-02-10 06:25:36.404542+08:00", "timestamp": 1707517536.404542}}}
{"text": "2024-02-10 06:26:08 | INFO    | epic_games.agent:claim_weekly_games:294 | claim_weekly_games - {'action': 'go to store', 'url': 'https://store.epicgames.com/en-US/p/doki-doki-literature-club-plus'}\n", "record": {"elapsed": {"repr": "0:01:21.899105", "seconds": 81.899105}, "exception": null, "extra": {"action": "go to store", "url": "https://store.epicgames.com/en-US/p/doki-doki-literature-club-plus"}, "file": {"name": "agent.py", "path": "/home/runner/work/epic-action/epic-action/epic/src/epic_games/agent.py"}, "function": "claim_weekly_games", "level": {"icon": "‚ÑπÔ∏è", "name": "INFO", "no": 20}, "line": 294, "message": "claim_weekly_games", "module": "agent", "name": "epic_games.agent", "process": {"id": 3517, "name": "MainProcess"}, "thread": {"id": 140464061389696, "name": "MainThread"}, "time": {"repr": "2024-02-10 06:26:08.556196+08:00", "timestamp": 1707517568.556196}}}
{"text": "2024-02-10 06:26:13 | INFO    | epic_games.agent:claim_weekly_games:294 | claim_weekly_games - {'action': 'go to store', 'url': 'https://store.epicgames.com/en-US/p/lost-castle-abb2e2'}\n", "record": {"elapsed": {"repr": "0:01:26.709433", "seconds": 86.709433}, "exception": null, "extra": {"action": "go to store", "url": "https://store.epicgames.com/en-US/p/lost-castle-abb2e2"}, "file": {"name": "agent.py", "path": "/home/runner/work/epic-action/epic-action/epic/src/epic_games/agent.py"}, "function": "claim_weekly_games", "level": {"icon": "‚ÑπÔ∏è", "name": "INFO", "no": 20}, "line": 294, "message": "claim_weekly_games", "module": "agent", "name": "epic_games.agent", "process": {"id": 3517, "name": "MainProcess"}, "thread": {"id": 140464061389696, "name": "MainThread"}, "time": {"repr": "2024-02-10 06:26:13.366524+08:00", "timestamp": 1707517573.366524}}}
{"text": "2024-02-10 06:26:22 | INFO    | epic_games.agent:claim_weekly_games:326 | claim_weekly_games - {'action': 'move to webPurchaseContainer iframe'}\n", "record": {"elapsed": {"repr": "0:01:35.524450", "seconds": 95.52445}, "exception": null, "extra": {"action": "move to webPurchaseContainer iframe"}, "file": {"name": "agent.py", "path": "/home/runner/work/epic-action/epic-action/epic/src/epic_games/agent.py"}, "function": "claim_weekly_games", "level": {"icon": "‚ÑπÔ∏è", "name": "INFO", "no": 20}, "line": 326, "message": "claim_weekly_games", "module": "agent", "name": "epic_games.agent", "process": {"id": 3517, "name": "MainProcess"}, "thread": {"id": 140464061389696, "name": "MainThread"}, "time": {"repr": "2024-02-10 06:26:22.181541+08:00", "timestamp": 1707517582.181541}}}
{"text": "2024-02-10 06:26:24 | INFO    | epic_games.agent:claim_weekly_games:328 | claim_weekly_games - {'action': 'click payment button'}\n", "record": {"elapsed": {"repr": "0:01:37.908969", "seconds": 97.908969}, "exception": null, "extra": {"action": "click payment button"}, "file": {"name": "agent.py", "path": "/home/runner/work/epic-action/epic-action/epic/src/epic_games/agent.py"}, "function": "claim_weekly_games", "level": {"icon": "‚ÑπÔ∏è", "name": "INFO", "no": 20}, "line": 328, "message": "claim_weekly_games", "module": "agent", "name": "epic_games.agent", "process": {"id": 3517, "name": "MainProcess"}, "thread": {"id": 140464061389696, "name": "MainThread"}, "time": {"repr": "2024-02-10 06:26:24.566060+08:00", "timestamp": 1707517584.56606}}}
{"text": "2024-02-10 06:26:29 | DEBUG    | hcaptcha_challenger.agents.playwright.control:_parse_label:241 | get task - {'prompt': 'Plea—ïe click on the object that differs from others.'}\n", "record": {"elapsed": {"repr": "0:01:42.911332", "seconds": 102.911332}, "exception": null, "extra": {"prompt": "Plea—ïe click on the object that differs from others."}, "file": {"name": "control.py", "path": "/opt/hostedtoolcache/Python/3.10.13/x64/lib/python3.10/site-packages/hcaptcha_challenger/agents/playwright/control.py"}, "function": "_parse_label", "level": {"icon": "üêû", "name": "DEBUG", "no": 10}, "line": 241, "message": "get task", "module": "control", "name": "hcaptcha_challenger.agents.playwright.control", "process": {"id": 3517, "name": "MainProcess"}, "thread": {"id": 140464061389696, "name": "MainThread"}, "time": {"repr": "2024-02-10 06:26:29.568423+08:00", "timestamp": 1707517589.568423}}}
{"text": "2024-02-10 06:26:34 | DEBUG    | epic_games.agent:insert_challenge:106 | task done - {'sattus': 'success'}\n", "record": {"elapsed": {"repr": "0:01:47.881088", "seconds": 107.881088}, "exception": null, "extra": {"sattus": "success"}, "file": {"name": "agent.py", "path": "/home/runner/work/epic-action/epic-action/epic/src/epic_games/agent.py"}, "function": "insert_challenge", "level": {"icon": "üêû", "name": "DEBUG", "no": 10}, "line": 106, "message": "task done", "module": "agent", "name": "epic_games.agent", "process": {"id": 3517, "name": "MainProcess"}, "thread": {"id": 140464061389696, "name": "MainThread"}, "time": {"repr": "2024-02-10 06:26:34.538179+08:00", "timestamp": 1707517594.538179}}}
{"text": "2024-02-10 06:27:06 | INFO    | epic_games.agent:claim_weekly_games:294 | claim_weekly_games - {'action': 'go to store', 'url': 'https://store.epicgames.com/en-US/p/doki-doki-literature-club-plus'}\n", "record": {"elapsed": {"repr": "0:02:20.029696", "seconds": 140.029696}, "exception": null, "extra": {"action": "go to store", "url": "https://store.epicgames.com/en-US/p/doki-doki-literature-club-plus"}, "file": {"name": "agent.py", "path": "/home/runner/work/epic-action/epic-action/epic/src/epic_games/agent.py"}, "function": "claim_weekly_games", "level": {"icon": "‚ÑπÔ∏è", "name": "INFO", "no": 20}, "line": 294, "message": "claim_weekly_games", "module": "agent", "name": "epic_games.agent", "process": {"id": 3517, "name": "MainProcess"}, "thread": {"id": 140464061389696, "name": "MainThread"}, "time": {"repr": "2024-02-10 06:27:06.686787+08:00", "timestamp": 1707517626.686787}}}
{"text": "2024-02-10 06:27:11 | INFO    | epic_games.agent:claim_weekly_games:294 | claim_weekly_games - {'action': 'go to store', 'url': 'https://store.epicgames.com/en-US/p/lost-castle-abb2e2'}\n", "record": {"elapsed": {"repr": "0:02:24.940110", "seconds": 144.94011}, "exception": null, "extra": {"action": "go to store", "url": "https://store.epicgames.com/en-US/p/lost-castle-abb2e2"}, "file": {"name": "agent.py", "path": "/home/runner/work/epic-action/epic-action/epic/src/epic_games/agent.py"}, "function": "claim_weekly_games", "level": {"icon": "‚ÑπÔ∏è", "name": "INFO", "no": 20}, "line": 294, "message": "claim_weekly_games", "module": "agent", "name": "epic_games.agent", "process": {"id": 3517, "name": "MainProcess"}, "thread": {"id": 140464061389696, "name": "MainThread"}, "time": {"repr": "2024-02-10 06:27:11.597201+08:00", "timestamp": 1707517631.597201}}}
{"text": "2024-02-10 06:27:20 | INFO    | epic_games.agent:claim_weekly_games:326 | claim_weekly_games - {'action': 'move to webPurchaseContainer iframe'}\n", "record": {"elapsed": {"repr": "0:02:33.710987", "seconds": 153.710987}, "exception": null, "extra": {"action": "move to webPurchaseContainer iframe"}, "file": {"name": "agent.py", "path": "/home/runner/work/epic-action/epic-action/epic/src/epic_games/agent.py"}, "function": "claim_weekly_games", "level": {"icon": "‚ÑπÔ∏è", "name": "INFO", "no": 20}, "line": 326, "message": "claim_weekly_games", "module": "agent", "name": "epic_games.agent", "process": {"id": 3517, "name": "MainProcess"}, "thread": {"id": 140464061389696, "name": "MainThread"}, "time": {"repr": "2024-02-10 06:27:20.368078+08:00", "timestamp": 1707517640.368078}}}
{"text": "2024-02-10 06:27:22 | INFO    | epic_games.agent:claim_weekly_games:328 | claim_weekly_games - {'action': 'click payment button'}\n", "record": {"elapsed": {"repr": "0:02:36.097388", "seconds": 156.097388}, "exception": null, "extra": {"action": "click payment button"}, "file": {"name": "agent.py", "path": "/home/runner/work/epic-action/epic-action/epic/src/epic_games/agent.py"}, "function": "claim_weekly_games", "level": {"icon": "‚ÑπÔ∏è", "name": "INFO", "no": 20}, "line": 328, "message": "claim_weekly_games", "module": "agent", "name": "epic_games.agent", "process": {"id": 3517, "name": "MainProcess"}, "thread": {"id": 140464061389696, "name": "MainThread"}, "time": {"repr": "2024-02-10 06:27:22.754479+08:00", "timestamp": 1707517642.754479}}}
{"text": "2024-02-10 06:27:27 | DEBUG    | hcaptcha_challenger.agents.playwright.control:_parse_label:241 | get task - {'prompt': 'Œ°lease click on the object that differs from others.'}\n", "record": {"elapsed": {"repr": "0:02:41.099827", "seconds": 161.099827}, "exception": null, "extra": {"prompt": "Œ°lease click on the object that differs from others."}, "file": {"name": "control.py", "path": "/opt/hostedtoolcache/Python/3.10.13/x64/lib/python3.10/site-packages/hcaptcha_challenger/agents/playwright/control.py"}, "function": "_parse_label", "level": {"icon": "üêû", "name": "DEBUG", "no": 10}, "line": 241, "message": "get task", "module": "control", "name": "hcaptcha_challenger.agents.playwright.control", "process": {"id": 3517, "name": "MainProcess"}, "thread": {"id": 140464061389696, "name": "MainThread"}, "time": {"repr": "2024-02-10 06:27:27.756918+08:00", "timestamp": 1707517647.756918}}}
{"text": "2024-02-10 06:27:34 | DEBUG    | epic_games.agent:insert_challenge:106 | task done - {'sattus': 'success'}\n", "record": {"elapsed": {"repr": "0:02:47.585792", "seconds": 167.585792}, "exception": null, "extra": {"sattus": "success"}, "file": {"name": "agent.py", "path": "/home/runner/work/epic-action/epic-action/epic/src/epic_games/agent.py"}, "function": "insert_challenge", "level": {"icon": "üêû", "name": "DEBUG", "no": 10}, "line": 106, "message": "task done", "module": "agent", "name": "epic_games.agent", "process": {"id": 3517, "name": "MainProcess"}, "thread": {"id": 140464061389696, "name": "MainThread"}, "time": {"repr": "2024-02-10 06:27:34.242883+08:00", "timestamp": 1707517654.242883}}}
{"text": "2024-02-10 06:28:06 | ERROR    | __main__:run:158 | An error has been caught in function 'run', process 'MainProcess' (3517), thread 'MainThread' (140464061389696): - {}\nTraceback (most recent call last):\n  File \"/home/runner/work/epic-action/epic-action/epic/src/claim.py\", line 151, in stash\n    await self.claim_epic_games(context)\n  File \"/home/runner/work/epic-action/epic-action/epic/src/claim.py\", line 122, in claim_epic_games\n    await epic.claim_weekly_games(page, single_promotions)\n  File \"/opt/hostedtoolcache/Python/3.10.13/x64/lib/python3.10/site-packages/tenacity/_asyncio.py\", line 88, in async_wrapped\n    return await fn(*args, **kwargs)\n  File \"/opt/hostedtoolcache/Python/3.10.13/x64/lib/python3.10/site-packages/tenacity/_asyncio.py\", line 47, in __call__\n    do = self.iter(retry_state=retry_state)\n  File \"/opt/hostedtoolcache/Python/3.10.13/x64/lib/python3.10/site-packages/tenacity/__init__.py\", line 325, in iter\n    raise retry_exc.reraise()\n  File \"/opt/hostedtoolcache/Python/3.10.13/x64/lib/python3.10/site-packages/tenacity/__init__.py\", line 158, in reraise\n    raise self.last_attempt.result()\n  File \"/opt/hostedtoolcache/Python/3.10.13/x64/lib/python3.10/concurrent/futures/_base.py\", line 451, in result\n    return self.__get_result()\n  File \"/opt/hostedtoolcache/Python/3.10.13/x64/lib/python3.10/concurrent/futures/_base.py\", line 403, in __get_result\n    raise self._exception\n  File \"/opt/hostedtoolcache/Python/3.10.13/x64/lib/python3.10/site-packages/tenacity/_asyncio.py\", line 50, in __call__\n    result = await fn(*args, **kwargs)\n  File \"/home/runner/work/epic-action/epic-action/epic/src/epic_games/agent.py\", line 338, in claim_weekly_games\n    await page.wait_for_url(recur_url)\n  File \"/opt/hostedtoolcache/Python/3.10.13/x64/lib/python3.10/site-packages/playwright/async_api/_generated.py\", line 9432, in wait_for_url\n    await self._impl_obj.wait_for_url(\n  File \"/opt/hostedtoolcache/Python/3.10.13/x64/lib/python3.10/site-packages/playwright/_impl/_page.py\", line 508, in wait_for_url\n    return await self._main_frame.wait_for_url(**locals_to_params(locals()))\n  File \"/opt/hostedtoolcache/Python/3.10.13/x64/lib/python3.10/site-packages/playwright/_impl/_frame.py\", line 237, in wait_for_url\n    async with self.expect_navigation(\n  File \"/opt/hostedtoolcache/Python/3.10.13/x64/lib/python3.10/site-packages/playwright/_impl/_event_context_manager.py\", line 33, in __aexit__\n    await self._future\n  File \"/opt/hostedtoolcache/Python/3.10.13/x64/lib/python3.10/site-packages/playwright/_impl/_frame.py\", line 212, in continuation\n    event = await waiter.result()\nplaywright._impl._errors.TimeoutError: Timeout 30000ms exceeded.\n=========================== logs ===========================\nwaiting for navigation to \"https://store.epicgames.com/en-US/cart/success\" until 'load'\n============================================================\n\nDuring handling of the above exception, another exception occurred:\n\nTraceback (most recent call last):\n  File \"/home/runner/work/epic-action/epic-action/epic/src/claim.py\", line 162, in <module>\n    asyncio.run(run())\n  File \"/opt/hostedtoolcache/Python/3.10.13/x64/lib/python3.10/asyncio/runners.py\", line 44, in run\n    return loop.run_until_complete(main)\n  File \"/opt/hostedtoolcache/Python/3.10.13/x64/lib/python3.10/asyncio/base_events.py\", line 636, in run_until_complete\n    self.run_forever()\n  File \"/opt/hostedtoolcache/Python/3.10.13/x64/lib/python3.10/asyncio/base_events.py\", line 603, in run_forever\n    self._run_once()\n  File \"/opt/hostedtoolcache/Python/3.10.13/x64/lib/python3.10/asyncio/base_events.py\", line 1909, in _run_once\n    handle._run()\n  File \"/opt/hostedtoolcache/Python/3.10.13/x64/lib/python3.10/asyncio/events.py\", line 80, in _run\n    self._context.run(self._callback, *self._args)\n> File \"/home/runner/work/epic-action/epic-action/epic/src/claim.py\", line 158, in run\n    await agent.stash()\n  File \"/home/runner/work/epic-action/epic-action/epic/src/claim.py\", line 139, in stash\n    async with async_playwright() as p:\n  File \"/opt/hostedtoolcache/Python/3.10.13/x64/lib/python3.10/site-packages/playwright/async_api/_context_manager.py\", line 58, in __aexit__\n    await self._connection.stop_async()\n  File \"/opt/hostedtoolcache/Python/3.10.13/x64/lib/python3.10/site-packages/playwright/_impl/_connection.py\", line 289, in stop_async\n    self.cleanup()\n  File \"/opt/hostedtoolcache/Python/3.10.13/x64/lib/python3.10/site-packages/playwright/_impl/_connection.py\", line 300, in cleanup\n    callback.future.set_exception(self._closed_error)\nasyncio.exceptions.InvalidStateError: invalid state\n", "record": {"elapsed": {"repr": "0:03:19.433946", "seconds": 199.433946}, "exception": {"type": "InvalidStateError", "value": "invalid state", "traceback": true}, "extra": {}, "file": {"name": "claim.py", "path": "/home/runner/work/epic-action/epic-action/epic/src/claim.py"}, "function": "run", "level": {"icon": "‚ùå", "name": "ERROR", "no": 40}, "line": 158, "message": "An error has been caught in function 'run', process 'MainProcess' (3517), thread 'MainThread' (140464061389696):", "module": "claim", "name": "__main__", "process": {"id": 3517, "name": "MainProcess"}, "thread": {"id": 140464061389696, "name": "MainThread"}, "time": {"repr": "2024-02-10 06:28:06.091037+08:00", "timestamp": 1707517686.091037}}}
