{"text": "2024-02-01 06:24:39 | INFO    | __main__:stash:131 | run - {'image': '20231121', 'version': '0.10.1.post2', 'role': 'EpicPlayer', 'headless': True}\n", "record": {"elapsed": {"repr": "0:00:01.126283", "seconds": 1.126283}, "exception": null, "extra": {"image": "20231121", "version": "0.10.1.post2", "role": "EpicPlayer", "headless": true}, "file": {"name": "claim.py", "path": "/home/runner/work/epic-action/epic-action/epic/src/claim.py"}, "function": "stash", "level": {"icon": "‚ÑπÔ∏è", "name": "INFO", "no": 20}, "line": 131, "message": "run", "module": "claim", "name": "__main__", "process": {"id": 3534, "name": "MainProcess"}, "thread": {"id": 140434053761920, "name": "MainThread"}, "time": {"repr": "2024-02-01 06:24:39.891723+08:00", "timestamp": 1706739879.891723}}}
{"text": "2024-02-01 06:24:45 | WARNING    | epic_games.agent:get_order_history:467 | Failed to get order history, cookie may have expired - {}\n", "record": {"elapsed": {"repr": "0:00:06.389235", "seconds": 6.389235}, "exception": null, "extra": {}, "file": {"name": "agent.py", "path": "/home/runner/work/epic-action/epic-action/epic/src/epic_games/agent.py"}, "function": "get_order_history", "level": {"icon": "‚ö†Ô∏è", "name": "WARNING", "no": 30}, "line": 467, "message": "Failed to get order history, cookie may have expired", "module": "agent", "name": "epic_games.agent", "process": {"id": 3534, "name": "MainProcess"}, "thread": {"id": 140434053761920, "name": "MainThread"}, "time": {"repr": "2024-02-01 06:24:45.154675+08:00", "timestamp": 1706739885.154675}}}
{"text": "2024-02-01 06:24:45 | DEBUG    | __main__:create_tasks:66 | Put task - {'title': 'Infinifactory', 'url': 'https://store.epicgames.com/en-US/p/infinifactory-ec9686'}\n", "record": {"elapsed": {"repr": "0:00:06.631537", "seconds": 6.631537}, "exception": null, "extra": {"title": "Infinifactory", "url": "https://store.epicgames.com/en-US/p/infinifactory-ec9686"}, "file": {"name": "claim.py", "path": "/home/runner/work/epic-action/epic-action/epic/src/claim.py"}, "function": "create_tasks", "level": {"icon": "üêû", "name": "DEBUG", "no": 10}, "line": 66, "message": "Put task", "module": "claim", "name": "__main__", "process": {"id": 3534, "name": "MainProcess"}, "thread": {"id": 140434053761920, "name": "MainThread"}, "time": {"repr": "2024-02-01 06:24:45.396977+08:00", "timestamp": 1706739885.396977}}}
{"text": "2024-02-01 06:24:49 | INFO    | epic_games.agent:claim_weekly_games:294 | claim_weekly_games - {'action': 'go to store', 'url': 'https://store.epicgames.com/en-US/p/infinifactory-ec9686'}\n", "record": {"elapsed": {"repr": "0:00:10.720575", "seconds": 10.720575}, "exception": null, "extra": {"action": "go to store", "url": "https://store.epicgames.com/en-US/p/infinifactory-ec9686"}, "file": {"name": "agent.py", "path": "/home/runner/work/epic-action/epic-action/epic/src/epic_games/agent.py"}, "function": "claim_weekly_games", "level": {"icon": "‚ÑπÔ∏è", "name": "INFO", "no": 20}, "line": 294, "message": "claim_weekly_games", "module": "agent", "name": "epic_games.agent", "process": {"id": 3534, "name": "MainProcess"}, "thread": {"id": 140434053761920, "name": "MainThread"}, "time": {"repr": "2024-02-01 06:24:49.486015+08:00", "timestamp": 1706739889.486015}}}
{"text": "2024-02-01 06:25:01 | INFO    | epic_games.agent:claim_weekly_games:326 | claim_weekly_games - {'action': 'move to webPurchaseContainer iframe'}\n", "record": {"elapsed": {"repr": "0:00:22.829226", "seconds": 22.829226}, "exception": null, "extra": {"action": "move to webPurchaseContainer iframe"}, "file": {"name": "agent.py", "path": "/home/runner/work/epic-action/epic-action/epic/src/epic_games/agent.py"}, "function": "claim_weekly_games", "level": {"icon": "‚ÑπÔ∏è", "name": "INFO", "no": 20}, "line": 326, "message": "claim_weekly_games", "module": "agent", "name": "epic_games.agent", "process": {"id": 3534, "name": "MainProcess"}, "thread": {"id": 140434053761920, "name": "MainThread"}, "time": {"repr": "2024-02-01 06:25:01.594666+08:00", "timestamp": 1706739901.594666}}}
{"text": "2024-02-01 06:25:03 | INFO    | epic_games.agent:claim_weekly_games:328 | claim_weekly_games - {'action': 'click payment button'}\n", "record": {"elapsed": {"repr": "0:00:25.212829", "seconds": 25.212829}, "exception": null, "extra": {"action": "click payment button"}, "file": {"name": "agent.py", "path": "/home/runner/work/epic-action/epic-action/epic/src/epic_games/agent.py"}, "function": "claim_weekly_games", "level": {"icon": "‚ÑπÔ∏è", "name": "INFO", "no": 20}, "line": 328, "message": "claim_weekly_games", "module": "agent", "name": "epic_games.agent", "process": {"id": 3534, "name": "MainProcess"}, "thread": {"id": 140434053761920, "name": "MainThread"}, "time": {"repr": "2024-02-01 06:25:03.978269+08:00", "timestamp": 1706739903.978269}}}
{"text": "2024-02-01 06:25:08 | DEBUG    | hcaptcha_challenger.agents.playwright.control:_parse_label:241 | get task - {'prompt': \"Plea—ïe cl—ñck on the meerkat's head\"}\n", "record": {"elapsed": {"repr": "0:00:30.215631", "seconds": 30.215631}, "exception": null, "extra": {"prompt": "Plea—ïe cl—ñck on the meerkat's head"}, "file": {"name": "control.py", "path": "/opt/hostedtoolcache/Python/3.10.13/x64/lib/python3.10/site-packages/hcaptcha_challenger/agents/playwright/control.py"}, "function": "_parse_label", "level": {"icon": "üêû", "name": "DEBUG", "no": 10}, "line": 241, "message": "get task", "module": "control", "name": "hcaptcha_challenger.agents.playwright.control", "process": {"id": 3534, "name": "MainProcess"}, "thread": {"id": 140434053761920, "name": "MainThread"}, "time": {"repr": "2024-02-01 06:25:08.981071+08:00", "timestamp": 1706739908.981071}}}
{"text": "2024-02-01 06:25:10 | DEBUG    | hcaptcha_challenger.agents.playwright.control:lookup_objects:317 | handle task - {'catch_model': 'head_of_the_meerkat_2311_yolov8n.onnx', 'ash': \"please click on the meerkat's head default\"}\n", "record": {"elapsed": {"repr": "0:00:31.870056", "seconds": 31.870056}, "exception": null, "extra": {"catch_model": "head_of_the_meerkat_2311_yolov8n.onnx", "ash": "please click on the meerkat's head default"}, "file": {"name": "control.py", "path": "/opt/hostedtoolcache/Python/3.10.13/x64/lib/python3.10/site-packages/hcaptcha_challenger/agents/playwright/control.py"}, "function": "lookup_objects", "level": {"icon": "üêû", "name": "DEBUG", "no": 10}, "line": 317, "message": "handle task", "module": "control", "name": "hcaptcha_challenger.agents.playwright.control", "process": {"id": 3534, "name": "MainProcess"}, "thread": {"id": 140434053761920, "name": "MainThread"}, "time": {"repr": "2024-02-01 06:25:10.635496+08:00", "timestamp": 1706739910.635496}}}
{"text": "2024-02-01 06:25:14 | DEBUG    | epic_games.agent:insert_challenge:106 | task done - {'sattus': 'success'}\n", "record": {"elapsed": {"repr": "0:00:36.016113", "seconds": 36.016113}, "exception": null, "extra": {"sattus": "success"}, "file": {"name": "agent.py", "path": "/home/runner/work/epic-action/epic-action/epic/src/epic_games/agent.py"}, "function": "insert_challenge", "level": {"icon": "üêû", "name": "DEBUG", "no": 10}, "line": 106, "message": "task done", "module": "agent", "name": "epic_games.agent", "process": {"id": 3534, "name": "MainProcess"}, "thread": {"id": 140434053761920, "name": "MainThread"}, "time": {"repr": "2024-02-01 06:25:14.781553+08:00", "timestamp": 1706739914.781553}}}
{"text": "2024-02-01 06:25:46 | INFO    | epic_games.agent:claim_weekly_games:294 | claim_weekly_games - {'action': 'go to store', 'url': 'https://store.epicgames.com/en-US/p/infinifactory-ec9686'}\n", "record": {"elapsed": {"repr": "0:01:08.147696", "seconds": 68.147696}, "exception": null, "extra": {"action": "go to store", "url": "https://store.epicgames.com/en-US/p/infinifactory-ec9686"}, "file": {"name": "agent.py", "path": "/home/runner/work/epic-action/epic-action/epic/src/epic_games/agent.py"}, "function": "claim_weekly_games", "level": {"icon": "‚ÑπÔ∏è", "name": "INFO", "no": 20}, "line": 294, "message": "claim_weekly_games", "module": "agent", "name": "epic_games.agent", "process": {"id": 3534, "name": "MainProcess"}, "thread": {"id": 140434053761920, "name": "MainThread"}, "time": {"repr": "2024-02-01 06:25:46.913136+08:00", "timestamp": 1706739946.913136}}}
{"text": "2024-02-01 06:25:55 | INFO    | epic_games.agent:claim_weekly_games:326 | claim_weekly_games - {'action': 'move to webPurchaseContainer iframe'}\n", "record": {"elapsed": {"repr": "0:01:16.281687", "seconds": 76.281687}, "exception": null, "extra": {"action": "move to webPurchaseContainer iframe"}, "file": {"name": "agent.py", "path": "/home/runner/work/epic-action/epic-action/epic/src/epic_games/agent.py"}, "function": "claim_weekly_games", "level": {"icon": "‚ÑπÔ∏è", "name": "INFO", "no": 20}, "line": 326, "message": "claim_weekly_games", "module": "agent", "name": "epic_games.agent", "process": {"id": 3534, "name": "MainProcess"}, "thread": {"id": 140434053761920, "name": "MainThread"}, "time": {"repr": "2024-02-01 06:25:55.047127+08:00", "timestamp": 1706739955.047127}}}
{"text": "2024-02-01 06:25:57 | INFO    | epic_games.agent:claim_weekly_games:328 | claim_weekly_games - {'action': 'click payment button'}\n", "record": {"elapsed": {"repr": "0:01:18.694222", "seconds": 78.694222}, "exception": null, "extra": {"action": "click payment button"}, "file": {"name": "agent.py", "path": "/home/runner/work/epic-action/epic-action/epic/src/epic_games/agent.py"}, "function": "claim_weekly_games", "level": {"icon": "‚ÑπÔ∏è", "name": "INFO", "no": 20}, "line": 328, "message": "claim_weekly_games", "module": "agent", "name": "epic_games.agent", "process": {"id": 3534, "name": "MainProcess"}, "thread": {"id": 140434053761920, "name": "MainThread"}, "time": {"repr": "2024-02-01 06:25:57.459662+08:00", "timestamp": 1706739957.459662}}}
{"text": "2024-02-01 06:26:02 | DEBUG    | hcaptcha_challenger.agents.playwright.control:_parse_label:241 | get task - {'prompt': \"Please click on the meerkat's head\"}\n", "record": {"elapsed": {"repr": "0:01:23.696243", "seconds": 83.696243}, "exception": null, "extra": {"prompt": "Please click on the meerkat's head"}, "file": {"name": "control.py", "path": "/opt/hostedtoolcache/Python/3.10.13/x64/lib/python3.10/site-packages/hcaptcha_challenger/agents/playwright/control.py"}, "function": "_parse_label", "level": {"icon": "üêû", "name": "DEBUG", "no": 10}, "line": 241, "message": "get task", "module": "control", "name": "hcaptcha_challenger.agents.playwright.control", "process": {"id": 3534, "name": "MainProcess"}, "thread": {"id": 140434053761920, "name": "MainThread"}, "time": {"repr": "2024-02-01 06:26:02.461683+08:00", "timestamp": 1706739962.461683}}}
{"text": "2024-02-01 06:26:07 | DEBUG    | epic_games.agent:insert_challenge:106 | task done - {'sattus': 'success'}\n", "record": {"elapsed": {"repr": "0:01:29.165594", "seconds": 89.165594}, "exception": null, "extra": {"sattus": "success"}, "file": {"name": "agent.py", "path": "/home/runner/work/epic-action/epic-action/epic/src/epic_games/agent.py"}, "function": "insert_challenge", "level": {"icon": "üêû", "name": "DEBUG", "no": 10}, "line": 106, "message": "task done", "module": "agent", "name": "epic_games.agent", "process": {"id": 3534, "name": "MainProcess"}, "thread": {"id": 140434053761920, "name": "MainThread"}, "time": {"repr": "2024-02-01 06:26:07.931034+08:00", "timestamp": 1706739967.931034}}}
{"text": "2024-02-01 06:26:40 | INFO    | epic_games.agent:claim_weekly_games:294 | claim_weekly_games - {'action': 'go to store', 'url': 'https://store.epicgames.com/en-US/p/infinifactory-ec9686'}\n", "record": {"elapsed": {"repr": "0:02:01.289364", "seconds": 121.289364}, "exception": null, "extra": {"action": "go to store", "url": "https://store.epicgames.com/en-US/p/infinifactory-ec9686"}, "file": {"name": "agent.py", "path": "/home/runner/work/epic-action/epic-action/epic/src/epic_games/agent.py"}, "function": "claim_weekly_games", "level": {"icon": "‚ÑπÔ∏è", "name": "INFO", "no": 20}, "line": 294, "message": "claim_weekly_games", "module": "agent", "name": "epic_games.agent", "process": {"id": 3534, "name": "MainProcess"}, "thread": {"id": 140434053761920, "name": "MainThread"}, "time": {"repr": "2024-02-01 06:26:40.054804+08:00", "timestamp": 1706740000.054804}}}
{"text": "2024-02-01 06:26:48 | INFO    | epic_games.agent:claim_weekly_games:326 | claim_weekly_games - {'action': 'move to webPurchaseContainer iframe'}\n", "record": {"elapsed": {"repr": "0:02:09.515383", "seconds": 129.515383}, "exception": null, "extra": {"action": "move to webPurchaseContainer iframe"}, "file": {"name": "agent.py", "path": "/home/runner/work/epic-action/epic-action/epic/src/epic_games/agent.py"}, "function": "claim_weekly_games", "level": {"icon": "‚ÑπÔ∏è", "name": "INFO", "no": 20}, "line": 326, "message": "claim_weekly_games", "module": "agent", "name": "epic_games.agent", "process": {"id": 3534, "name": "MainProcess"}, "thread": {"id": 140434053761920, "name": "MainThread"}, "time": {"repr": "2024-02-01 06:26:48.280823+08:00", "timestamp": 1706740008.280823}}}
{"text": "2024-02-01 06:26:50 | INFO    | epic_games.agent:claim_weekly_games:328 | claim_weekly_games - {'action': 'click payment button'}\n", "record": {"elapsed": {"repr": "0:02:11.902153", "seconds": 131.902153}, "exception": null, "extra": {"action": "click payment button"}, "file": {"name": "agent.py", "path": "/home/runner/work/epic-action/epic-action/epic/src/epic_games/agent.py"}, "function": "claim_weekly_games", "level": {"icon": "‚ÑπÔ∏è", "name": "INFO", "no": 20}, "line": 328, "message": "claim_weekly_games", "module": "agent", "name": "epic_games.agent", "process": {"id": 3534, "name": "MainProcess"}, "thread": {"id": 140434053761920, "name": "MainThread"}, "time": {"repr": "2024-02-01 06:26:50.667593+08:00", "timestamp": 1706740010.667593}}}
{"text": "2024-02-01 06:26:55 | DEBUG    | hcaptcha_challenger.agents.playwright.control:_parse_label:241 | get task - {'prompt': 'Please click on the most similar sha—Äe to th–µ following r–µferenc–µ image:'}\n", "record": {"elapsed": {"repr": "0:02:16.904046", "seconds": 136.904046}, "exception": null, "extra": {"prompt": "Please click on the most similar sha—Äe to th–µ following r–µferenc–µ image:"}, "file": {"name": "control.py", "path": "/opt/hostedtoolcache/Python/3.10.13/x64/lib/python3.10/site-packages/hcaptcha_challenger/agents/playwright/control.py"}, "function": "_parse_label", "level": {"icon": "üêû", "name": "DEBUG", "no": 10}, "line": 241, "message": "get task", "module": "control", "name": "hcaptcha_challenger.agents.playwright.control", "process": {"id": 3534, "name": "MainProcess"}, "thread": {"id": 140434053761920, "name": "MainThread"}, "time": {"repr": "2024-02-01 06:26:55.669486+08:00", "timestamp": 1706740015.669486}}}
{"text": "2024-02-01 06:27:00 | DEBUG    | epic_games.agent:insert_challenge:106 | task done - {'sattus': 'success'}\n", "record": {"elapsed": {"repr": "0:02:21.849992", "seconds": 141.849992}, "exception": null, "extra": {"sattus": "success"}, "file": {"name": "agent.py", "path": "/home/runner/work/epic-action/epic-action/epic/src/epic_games/agent.py"}, "function": "insert_challenge", "level": {"icon": "üêû", "name": "DEBUG", "no": 10}, "line": 106, "message": "task done", "module": "agent", "name": "epic_games.agent", "process": {"id": 3534, "name": "MainProcess"}, "thread": {"id": 140434053761920, "name": "MainThread"}, "time": {"repr": "2024-02-01 06:27:00.615432+08:00", "timestamp": 1706740020.615432}}}
{"text": "2024-02-01 06:27:32 | ERROR    | __main__:run:158 | An error has been caught in function 'run', process 'MainProcess' (3534), thread 'MainThread' (140434053761920): - {}\nTraceback (most recent call last):\n  File \"/home/runner/work/epic-action/epic-action/epic/src/claim.py\", line 151, in stash\n    await self.claim_epic_games(context)\n  File \"/home/runner/work/epic-action/epic-action/epic/src/claim.py\", line 122, in claim_epic_games\n    await epic.claim_weekly_games(page, single_promotions)\n  File \"/opt/hostedtoolcache/Python/3.10.13/x64/lib/python3.10/site-packages/tenacity/_asyncio.py\", line 88, in async_wrapped\n    return await fn(*args, **kwargs)\n  File \"/opt/hostedtoolcache/Python/3.10.13/x64/lib/python3.10/site-packages/tenacity/_asyncio.py\", line 47, in __call__\n    do = self.iter(retry_state=retry_state)\n  File \"/opt/hostedtoolcache/Python/3.10.13/x64/lib/python3.10/site-packages/tenacity/__init__.py\", line 325, in iter\n    raise retry_exc.reraise()\n  File \"/opt/hostedtoolcache/Python/3.10.13/x64/lib/python3.10/site-packages/tenacity/__init__.py\", line 158, in reraise\n    raise self.last_attempt.result()\n  File \"/opt/hostedtoolcache/Python/3.10.13/x64/lib/python3.10/concurrent/futures/_base.py\", line 451, in result\n    return self.__get_result()\n  File \"/opt/hostedtoolcache/Python/3.10.13/x64/lib/python3.10/concurrent/futures/_base.py\", line 403, in __get_result\n    raise self._exception\n  File \"/opt/hostedtoolcache/Python/3.10.13/x64/lib/python3.10/site-packages/tenacity/_asyncio.py\", line 50, in __call__\n    result = await fn(*args, **kwargs)\n  File \"/home/runner/work/epic-action/epic-action/epic/src/epic_games/agent.py\", line 338, in claim_weekly_games\n    await page.wait_for_url(recur_url)\n  File \"/opt/hostedtoolcache/Python/3.10.13/x64/lib/python3.10/site-packages/playwright/async_api/_generated.py\", line 9432, in wait_for_url\n    await self._impl_obj.wait_for_url(\n  File \"/opt/hostedtoolcache/Python/3.10.13/x64/lib/python3.10/site-packages/playwright/_impl/_page.py\", line 508, in wait_for_url\n    return await self._main_frame.wait_for_url(**locals_to_params(locals()))\n  File \"/opt/hostedtoolcache/Python/3.10.13/x64/lib/python3.10/site-packages/playwright/_impl/_frame.py\", line 237, in wait_for_url\n    async with self.expect_navigation(\n  File \"/opt/hostedtoolcache/Python/3.10.13/x64/lib/python3.10/site-packages/playwright/_impl/_event_context_manager.py\", line 33, in __aexit__\n    await self._future\n  File \"/opt/hostedtoolcache/Python/3.10.13/x64/lib/python3.10/site-packages/playwright/_impl/_frame.py\", line 212, in continuation\n    event = await waiter.result()\nplaywright._impl._errors.TimeoutError: Timeout 30000ms exceeded.\n=========================== logs ===========================\nwaiting for navigation to \"https://store.epicgames.com/en-US/cart/success\" until 'load'\n============================================================\n\nDuring handling of the above exception, another exception occurred:\n\nTraceback (most recent call last):\n  File \"/home/runner/work/epic-action/epic-action/epic/src/claim.py\", line 162, in <module>\n    asyncio.run(run())\n  File \"/opt/hostedtoolcache/Python/3.10.13/x64/lib/python3.10/asyncio/runners.py\", line 44, in run\n    return loop.run_until_complete(main)\n  File \"/opt/hostedtoolcache/Python/3.10.13/x64/lib/python3.10/asyncio/base_events.py\", line 636, in run_until_complete\n    self.run_forever()\n  File \"/opt/hostedtoolcache/Python/3.10.13/x64/lib/python3.10/asyncio/base_events.py\", line 603, in run_forever\n    self._run_once()\n  File \"/opt/hostedtoolcache/Python/3.10.13/x64/lib/python3.10/asyncio/base_events.py\", line 1909, in _run_once\n    handle._run()\n  File \"/opt/hostedtoolcache/Python/3.10.13/x64/lib/python3.10/asyncio/events.py\", line 80, in _run\n    self._context.run(self._callback, *self._args)\n> File \"/home/runner/work/epic-action/epic-action/epic/src/claim.py\", line 158, in run\n    await agent.stash()\n  File \"/home/runner/work/epic-action/epic-action/epic/src/claim.py\", line 139, in stash\n    async with async_playwright() as p:\n  File \"/opt/hostedtoolcache/Python/3.10.13/x64/lib/python3.10/site-packages/playwright/async_api/_context_manager.py\", line 58, in __aexit__\n    await self._connection.stop_async()\n  File \"/opt/hostedtoolcache/Python/3.10.13/x64/lib/python3.10/site-packages/playwright/_impl/_connection.py\", line 289, in stop_async\n    self.cleanup()\n  File \"/opt/hostedtoolcache/Python/3.10.13/x64/lib/python3.10/site-packages/playwright/_impl/_connection.py\", line 300, in cleanup\n    callback.future.set_exception(self._closed_error)\nasyncio.exceptions.InvalidStateError: invalid state\n", "record": {"elapsed": {"repr": "0:02:53.679018", "seconds": 173.679018}, "exception": {"type": "InvalidStateError", "value": "invalid state", "traceback": true}, "extra": {}, "file": {"name": "claim.py", "path": "/home/runner/work/epic-action/epic-action/epic/src/claim.py"}, "function": "run", "level": {"icon": "‚ùå", "name": "ERROR", "no": 40}, "line": 158, "message": "An error has been caught in function 'run', process 'MainProcess' (3534), thread 'MainThread' (140434053761920):", "module": "claim", "name": "__main__", "process": {"id": 3534, "name": "MainProcess"}, "thread": {"id": 140434053761920, "name": "MainThread"}, "time": {"repr": "2024-02-01 06:27:32.444458+08:00", "timestamp": 1706740052.444458}}}
