{"text": "2024-01-27 06:25:00 | INFO    | __main__:stash:131 | run - {'image': '20231121', 'version': '0.10.1.post2', 'role': 'EpicPlayer', 'headless': True}\n", "record": {"elapsed": {"repr": "0:00:01.189950", "seconds": 1.18995}, "exception": null, "extra": {"image": "20231121", "version": "0.10.1.post2", "role": "EpicPlayer", "headless": true}, "file": {"name": "claim.py", "path": "/home/runner/work/epic-action/epic-action/epic/src/claim.py"}, "function": "stash", "level": {"icon": "‚ÑπÔ∏è", "name": "INFO", "no": 20}, "line": 131, "message": "run", "module": "claim", "name": "__main__", "process": {"id": 3532, "name": "MainProcess"}, "thread": {"id": 140528981674880, "name": "MainThread"}, "time": {"repr": "2024-01-27 06:25:00.999894+08:00", "timestamp": 1706307900.999894}}}
{"text": "2024-01-27 06:25:09 | WARNING    | epic_games.agent:get_order_history:467 | Failed to get order history, cookie may have expired - {}\n", "record": {"elapsed": {"repr": "0:00:09.960570", "seconds": 9.96057}, "exception": null, "extra": {}, "file": {"name": "agent.py", "path": "/home/runner/work/epic-action/epic-action/epic/src/epic_games/agent.py"}, "function": "get_order_history", "level": {"icon": "‚ö†Ô∏è", "name": "WARNING", "no": 30}, "line": 467, "message": "Failed to get order history, cookie may have expired", "module": "agent", "name": "epic_games.agent", "process": {"id": 3532, "name": "MainProcess"}, "thread": {"id": 140528981674880, "name": "MainThread"}, "time": {"repr": "2024-01-27 06:25:09.770514+08:00", "timestamp": 1706307909.770514}}}
{"text": "2024-01-27 06:25:09 | DEBUG    | __main__:create_tasks:66 | Put task - {'title': 'Infinifactory', 'url': 'https://store.epicgames.com/en-US/p/infinifactory-ec9686'}\n", "record": {"elapsed": {"repr": "0:00:10.085056", "seconds": 10.085056}, "exception": null, "extra": {"title": "Infinifactory", "url": "https://store.epicgames.com/en-US/p/infinifactory-ec9686"}, "file": {"name": "claim.py", "path": "/home/runner/work/epic-action/epic-action/epic/src/claim.py"}, "function": "create_tasks", "level": {"icon": "üêû", "name": "DEBUG", "no": 10}, "line": 66, "message": "Put task", "module": "claim", "name": "__main__", "process": {"id": 3532, "name": "MainProcess"}, "thread": {"id": 140528981674880, "name": "MainThread"}, "time": {"repr": "2024-01-27 06:25:09.895000+08:00", "timestamp": 1706307909.895}}}
{"text": "2024-01-27 06:25:14 | INFO    | epic_games.agent:claim_weekly_games:294 | claim_weekly_games - {'action': 'go to store', 'url': 'https://store.epicgames.com/en-US/p/infinifactory-ec9686'}\n", "record": {"elapsed": {"repr": "0:00:14.363412", "seconds": 14.363412}, "exception": null, "extra": {"action": "go to store", "url": "https://store.epicgames.com/en-US/p/infinifactory-ec9686"}, "file": {"name": "agent.py", "path": "/home/runner/work/epic-action/epic-action/epic/src/epic_games/agent.py"}, "function": "claim_weekly_games", "level": {"icon": "‚ÑπÔ∏è", "name": "INFO", "no": 20}, "line": 294, "message": "claim_weekly_games", "module": "agent", "name": "epic_games.agent", "process": {"id": 3532, "name": "MainProcess"}, "thread": {"id": 140528981674880, "name": "MainThread"}, "time": {"repr": "2024-01-27 06:25:14.173356+08:00", "timestamp": 1706307914.173356}}}
{"text": "2024-01-27 06:25:23 | INFO    | epic_games.agent:claim_weekly_games:326 | claim_weekly_games - {'action': 'move to webPurchaseContainer iframe'}\n", "record": {"elapsed": {"repr": "0:00:23.281783", "seconds": 23.281783}, "exception": null, "extra": {"action": "move to webPurchaseContainer iframe"}, "file": {"name": "agent.py", "path": "/home/runner/work/epic-action/epic-action/epic/src/epic_games/agent.py"}, "function": "claim_weekly_games", "level": {"icon": "‚ÑπÔ∏è", "name": "INFO", "no": 20}, "line": 326, "message": "claim_weekly_games", "module": "agent", "name": "epic_games.agent", "process": {"id": 3532, "name": "MainProcess"}, "thread": {"id": 140528981674880, "name": "MainThread"}, "time": {"repr": "2024-01-27 06:25:23.091727+08:00", "timestamp": 1706307923.091727}}}
{"text": "2024-01-27 06:25:25 | INFO    | epic_games.agent:claim_weekly_games:328 | claim_weekly_games - {'action': 'click payment button'}\n", "record": {"elapsed": {"repr": "0:00:25.678572", "seconds": 25.678572}, "exception": null, "extra": {"action": "click payment button"}, "file": {"name": "agent.py", "path": "/home/runner/work/epic-action/epic-action/epic/src/epic_games/agent.py"}, "function": "claim_weekly_games", "level": {"icon": "‚ÑπÔ∏è", "name": "INFO", "no": 20}, "line": 328, "message": "claim_weekly_games", "module": "agent", "name": "epic_games.agent", "process": {"id": 3532, "name": "MainProcess"}, "thread": {"id": 140528981674880, "name": "MainThread"}, "time": {"repr": "2024-01-27 06:25:25.488516+08:00", "timestamp": 1706307925.488516}}}
{"text": "2024-01-27 06:25:30 | DEBUG    | hcaptcha_challenger.agents.playwright.control:_parse_label:241 | get task - {'prompt': 'Please click on the object that is rotate‘Å with respect to its neighbors'}\n", "record": {"elapsed": {"repr": "0:00:30.681839", "seconds": 30.681839}, "exception": null, "extra": {"prompt": "Please click on the object that is rotate‘Å with respect to its neighbors"}, "file": {"name": "control.py", "path": "/opt/hostedtoolcache/Python/3.10.13/x64/lib/python3.10/site-packages/hcaptcha_challenger/agents/playwright/control.py"}, "function": "_parse_label", "level": {"icon": "üêû", "name": "DEBUG", "no": 10}, "line": 241, "message": "get task", "module": "control", "name": "hcaptcha_challenger.agents.playwright.control", "process": {"id": 3532, "name": "MainProcess"}, "thread": {"id": 140528981674880, "name": "MainThread"}, "time": {"repr": "2024-01-27 06:25:30.491783+08:00", "timestamp": 1706307930.491783}}}
{"text": "2024-01-27 06:25:35 | DEBUG    | epic_games.agent:insert_challenge:106 | task done - {'sattus': 'success'}\n", "record": {"elapsed": {"repr": "0:00:35.687325", "seconds": 35.687325}, "exception": null, "extra": {"sattus": "success"}, "file": {"name": "agent.py", "path": "/home/runner/work/epic-action/epic-action/epic/src/epic_games/agent.py"}, "function": "insert_challenge", "level": {"icon": "üêû", "name": "DEBUG", "no": 10}, "line": 106, "message": "task done", "module": "agent", "name": "epic_games.agent", "process": {"id": 3532, "name": "MainProcess"}, "thread": {"id": 140528981674880, "name": "MainThread"}, "time": {"repr": "2024-01-27 06:25:35.497269+08:00", "timestamp": 1706307935.497269}}}
{"text": "2024-01-27 06:26:07 | INFO    | epic_games.agent:claim_weekly_games:294 | claim_weekly_games - {'action': 'go to store', 'url': 'https://store.epicgames.com/en-US/p/infinifactory-ec9686'}\n", "record": {"elapsed": {"repr": "0:01:07.839845", "seconds": 67.839845}, "exception": null, "extra": {"action": "go to store", "url": "https://store.epicgames.com/en-US/p/infinifactory-ec9686"}, "file": {"name": "agent.py", "path": "/home/runner/work/epic-action/epic-action/epic/src/epic_games/agent.py"}, "function": "claim_weekly_games", "level": {"icon": "‚ÑπÔ∏è", "name": "INFO", "no": 20}, "line": 294, "message": "claim_weekly_games", "module": "agent", "name": "epic_games.agent", "process": {"id": 3532, "name": "MainProcess"}, "thread": {"id": 140528981674880, "name": "MainThread"}, "time": {"repr": "2024-01-27 06:26:07.649789+08:00", "timestamp": 1706307967.649789}}}
{"text": "2024-01-27 06:26:16 | INFO    | epic_games.agent:claim_weekly_games:326 | claim_weekly_games - {'action': 'move to webPurchaseContainer iframe'}\n", "record": {"elapsed": {"repr": "0:01:16.651897", "seconds": 76.651897}, "exception": null, "extra": {"action": "move to webPurchaseContainer iframe"}, "file": {"name": "agent.py", "path": "/home/runner/work/epic-action/epic-action/epic/src/epic_games/agent.py"}, "function": "claim_weekly_games", "level": {"icon": "‚ÑπÔ∏è", "name": "INFO", "no": 20}, "line": 326, "message": "claim_weekly_games", "module": "agent", "name": "epic_games.agent", "process": {"id": 3532, "name": "MainProcess"}, "thread": {"id": 140528981674880, "name": "MainThread"}, "time": {"repr": "2024-01-27 06:26:16.461841+08:00", "timestamp": 1706307976.461841}}}
{"text": "2024-01-27 06:26:18 | INFO    | epic_games.agent:claim_weekly_games:328 | claim_weekly_games - {'action': 'click payment button'}\n", "record": {"elapsed": {"repr": "0:01:19.051129", "seconds": 79.051129}, "exception": null, "extra": {"action": "click payment button"}, "file": {"name": "agent.py", "path": "/home/runner/work/epic-action/epic-action/epic/src/epic_games/agent.py"}, "function": "claim_weekly_games", "level": {"icon": "‚ÑπÔ∏è", "name": "INFO", "no": 20}, "line": 328, "message": "claim_weekly_games", "module": "agent", "name": "epic_games.agent", "process": {"id": 3532, "name": "MainProcess"}, "thread": {"id": 140528981674880, "name": "MainThread"}, "time": {"repr": "2024-01-27 06:26:18.861073+08:00", "timestamp": 1706307978.861073}}}
{"text": "2024-01-27 06:26:23 | DEBUG    | hcaptcha_challenger.agents.playwright.control:_parse_label:241 | get task - {'prompt': 'Please click on the object that is rotated with respect to its neighbors'}\n", "record": {"elapsed": {"repr": "0:01:24.053136", "seconds": 84.053136}, "exception": null, "extra": {"prompt": "Please click on the object that is rotated with respect to its neighbors"}, "file": {"name": "control.py", "path": "/opt/hostedtoolcache/Python/3.10.13/x64/lib/python3.10/site-packages/hcaptcha_challenger/agents/playwright/control.py"}, "function": "_parse_label", "level": {"icon": "üêû", "name": "DEBUG", "no": 10}, "line": 241, "message": "get task", "module": "control", "name": "hcaptcha_challenger.agents.playwright.control", "process": {"id": 3532, "name": "MainProcess"}, "thread": {"id": 140528981674880, "name": "MainThread"}, "time": {"repr": "2024-01-27 06:26:23.863080+08:00", "timestamp": 1706307983.86308}}}
{"text": "2024-01-27 06:26:28 | DEBUG    | epic_games.agent:insert_challenge:106 | task done - {'sattus': 'success'}\n", "record": {"elapsed": {"repr": "0:01:28.969289", "seconds": 88.969289}, "exception": null, "extra": {"sattus": "success"}, "file": {"name": "agent.py", "path": "/home/runner/work/epic-action/epic-action/epic/src/epic_games/agent.py"}, "function": "insert_challenge", "level": {"icon": "üêû", "name": "DEBUG", "no": 10}, "line": 106, "message": "task done", "module": "agent", "name": "epic_games.agent", "process": {"id": 3532, "name": "MainProcess"}, "thread": {"id": 140528981674880, "name": "MainThread"}, "time": {"repr": "2024-01-27 06:26:28.779233+08:00", "timestamp": 1706307988.779233}}}
{"text": "2024-01-27 06:27:00 | INFO    | epic_games.agent:claim_weekly_games:294 | claim_weekly_games - {'action': 'go to store', 'url': 'https://store.epicgames.com/en-US/p/infinifactory-ec9686'}\n", "record": {"elapsed": {"repr": "0:02:01.124298", "seconds": 121.124298}, "exception": null, "extra": {"action": "go to store", "url": "https://store.epicgames.com/en-US/p/infinifactory-ec9686"}, "file": {"name": "agent.py", "path": "/home/runner/work/epic-action/epic-action/epic/src/epic_games/agent.py"}, "function": "claim_weekly_games", "level": {"icon": "‚ÑπÔ∏è", "name": "INFO", "no": 20}, "line": 294, "message": "claim_weekly_games", "module": "agent", "name": "epic_games.agent", "process": {"id": 3532, "name": "MainProcess"}, "thread": {"id": 140528981674880, "name": "MainThread"}, "time": {"repr": "2024-01-27 06:27:00.934242+08:00", "timestamp": 1706308020.934242}}}
{"text": "2024-01-27 06:27:09 | INFO    | epic_games.agent:claim_weekly_games:326 | claim_weekly_games - {'action': 'move to webPurchaseContainer iframe'}\n", "record": {"elapsed": {"repr": "0:02:09.315618", "seconds": 129.315618}, "exception": null, "extra": {"action": "move to webPurchaseContainer iframe"}, "file": {"name": "agent.py", "path": "/home/runner/work/epic-action/epic-action/epic/src/epic_games/agent.py"}, "function": "claim_weekly_games", "level": {"icon": "‚ÑπÔ∏è", "name": "INFO", "no": 20}, "line": 326, "message": "claim_weekly_games", "module": "agent", "name": "epic_games.agent", "process": {"id": 3532, "name": "MainProcess"}, "thread": {"id": 140528981674880, "name": "MainThread"}, "time": {"repr": "2024-01-27 06:27:09.125562+08:00", "timestamp": 1706308029.125562}}}
{"text": "2024-01-27 06:27:11 | INFO    | epic_games.agent:claim_weekly_games:328 | claim_weekly_games - {'action': 'click payment button'}\n", "record": {"elapsed": {"repr": "0:02:11.702112", "seconds": 131.702112}, "exception": null, "extra": {"action": "click payment button"}, "file": {"name": "agent.py", "path": "/home/runner/work/epic-action/epic-action/epic/src/epic_games/agent.py"}, "function": "claim_weekly_games", "level": {"icon": "‚ÑπÔ∏è", "name": "INFO", "no": 20}, "line": 328, "message": "claim_weekly_games", "module": "agent", "name": "epic_games.agent", "process": {"id": 3532, "name": "MainProcess"}, "thread": {"id": 140528981674880, "name": "MainThread"}, "time": {"repr": "2024-01-27 06:27:11.512056+08:00", "timestamp": 1706308031.512056}}}
{"text": "2024-01-27 06:27:16 | DEBUG    | hcaptcha_challenger.agents.playwright.control:_parse_label:241 | get task - {'prompt': 'Please click on the object that is rotated with respect to its neighbors'}\n", "record": {"elapsed": {"repr": "0:02:16.704237", "seconds": 136.704237}, "exception": null, "extra": {"prompt": "Please click on the object that is rotated with respect to its neighbors"}, "file": {"name": "control.py", "path": "/opt/hostedtoolcache/Python/3.10.13/x64/lib/python3.10/site-packages/hcaptcha_challenger/agents/playwright/control.py"}, "function": "_parse_label", "level": {"icon": "üêû", "name": "DEBUG", "no": 10}, "line": 241, "message": "get task", "module": "control", "name": "hcaptcha_challenger.agents.playwright.control", "process": {"id": 3532, "name": "MainProcess"}, "thread": {"id": 140528981674880, "name": "MainThread"}, "time": {"repr": "2024-01-27 06:27:16.514181+08:00", "timestamp": 1706308036.514181}}}
{"text": "2024-01-27 06:27:21 | DEBUG    | epic_games.agent:insert_challenge:106 | task done - {'sattus': 'success'}\n", "record": {"elapsed": {"repr": "0:02:21.635134", "seconds": 141.635134}, "exception": null, "extra": {"sattus": "success"}, "file": {"name": "agent.py", "path": "/home/runner/work/epic-action/epic-action/epic/src/epic_games/agent.py"}, "function": "insert_challenge", "level": {"icon": "üêû", "name": "DEBUG", "no": 10}, "line": 106, "message": "task done", "module": "agent", "name": "epic_games.agent", "process": {"id": 3532, "name": "MainProcess"}, "thread": {"id": 140528981674880, "name": "MainThread"}, "time": {"repr": "2024-01-27 06:27:21.445078+08:00", "timestamp": 1706308041.445078}}}
{"text": "2024-01-27 06:27:53 | ERROR    | __main__:run:158 | An error has been caught in function 'run', process 'MainProcess' (3532), thread 'MainThread' (140528981674880): - {}\nTraceback (most recent call last):\n  File \"/home/runner/work/epic-action/epic-action/epic/src/claim.py\", line 151, in stash\n    await self.claim_epic_games(context)\n  File \"/home/runner/work/epic-action/epic-action/epic/src/claim.py\", line 122, in claim_epic_games\n    await epic.claim_weekly_games(page, single_promotions)\n  File \"/opt/hostedtoolcache/Python/3.10.13/x64/lib/python3.10/site-packages/tenacity/_asyncio.py\", line 88, in async_wrapped\n    return await fn(*args, **kwargs)\n  File \"/opt/hostedtoolcache/Python/3.10.13/x64/lib/python3.10/site-packages/tenacity/_asyncio.py\", line 47, in __call__\n    do = self.iter(retry_state=retry_state)\n  File \"/opt/hostedtoolcache/Python/3.10.13/x64/lib/python3.10/site-packages/tenacity/__init__.py\", line 325, in iter\n    raise retry_exc.reraise()\n  File \"/opt/hostedtoolcache/Python/3.10.13/x64/lib/python3.10/site-packages/tenacity/__init__.py\", line 158, in reraise\n    raise self.last_attempt.result()\n  File \"/opt/hostedtoolcache/Python/3.10.13/x64/lib/python3.10/concurrent/futures/_base.py\", line 451, in result\n    return self.__get_result()\n  File \"/opt/hostedtoolcache/Python/3.10.13/x64/lib/python3.10/concurrent/futures/_base.py\", line 403, in __get_result\n    raise self._exception\n  File \"/opt/hostedtoolcache/Python/3.10.13/x64/lib/python3.10/site-packages/tenacity/_asyncio.py\", line 50, in __call__\n    result = await fn(*args, **kwargs)\n  File \"/home/runner/work/epic-action/epic-action/epic/src/epic_games/agent.py\", line 338, in claim_weekly_games\n    await page.wait_for_url(recur_url)\n  File \"/opt/hostedtoolcache/Python/3.10.13/x64/lib/python3.10/site-packages/playwright/async_api/_generated.py\", line 9432, in wait_for_url\n    await self._impl_obj.wait_for_url(\n  File \"/opt/hostedtoolcache/Python/3.10.13/x64/lib/python3.10/site-packages/playwright/_impl/_page.py\", line 508, in wait_for_url\n    return await self._main_frame.wait_for_url(**locals_to_params(locals()))\n  File \"/opt/hostedtoolcache/Python/3.10.13/x64/lib/python3.10/site-packages/playwright/_impl/_frame.py\", line 237, in wait_for_url\n    async with self.expect_navigation(\n  File \"/opt/hostedtoolcache/Python/3.10.13/x64/lib/python3.10/site-packages/playwright/_impl/_event_context_manager.py\", line 33, in __aexit__\n    await self._future\n  File \"/opt/hostedtoolcache/Python/3.10.13/x64/lib/python3.10/site-packages/playwright/_impl/_frame.py\", line 212, in continuation\n    event = await waiter.result()\nplaywright._impl._errors.TimeoutError: Timeout 30000ms exceeded.\n=========================== logs ===========================\nwaiting for navigation to \"https://store.epicgames.com/en-US/cart/success\" until 'load'\n============================================================\n\nDuring handling of the above exception, another exception occurred:\n\nTraceback (most recent call last):\n  File \"/home/runner/work/epic-action/epic-action/epic/src/claim.py\", line 162, in <module>\n    asyncio.run(run())\n  File \"/opt/hostedtoolcache/Python/3.10.13/x64/lib/python3.10/asyncio/runners.py\", line 44, in run\n    return loop.run_until_complete(main)\n  File \"/opt/hostedtoolcache/Python/3.10.13/x64/lib/python3.10/asyncio/base_events.py\", line 636, in run_until_complete\n    self.run_forever()\n  File \"/opt/hostedtoolcache/Python/3.10.13/x64/lib/python3.10/asyncio/base_events.py\", line 603, in run_forever\n    self._run_once()\n  File \"/opt/hostedtoolcache/Python/3.10.13/x64/lib/python3.10/asyncio/base_events.py\", line 1909, in _run_once\n    handle._run()\n  File \"/opt/hostedtoolcache/Python/3.10.13/x64/lib/python3.10/asyncio/events.py\", line 80, in _run\n    self._context.run(self._callback, *self._args)\n> File \"/home/runner/work/epic-action/epic-action/epic/src/claim.py\", line 158, in run\n    await agent.stash()\n  File \"/home/runner/work/epic-action/epic-action/epic/src/claim.py\", line 139, in stash\n    async with async_playwright() as p:\n  File \"/opt/hostedtoolcache/Python/3.10.13/x64/lib/python3.10/site-packages/playwright/async_api/_context_manager.py\", line 58, in __aexit__\n    await self._connection.stop_async()\n  File \"/opt/hostedtoolcache/Python/3.10.13/x64/lib/python3.10/site-packages/playwright/_impl/_connection.py\", line 289, in stop_async\n    self.cleanup()\n  File \"/opt/hostedtoolcache/Python/3.10.13/x64/lib/python3.10/site-packages/playwright/_impl/_connection.py\", line 300, in cleanup\n    callback.future.set_exception(self._closed_error)\nasyncio.exceptions.InvalidStateError: invalid state\n", "record": {"elapsed": {"repr": "0:02:53.479789", "seconds": 173.479789}, "exception": {"type": "InvalidStateError", "value": "invalid state", "traceback": true}, "extra": {}, "file": {"name": "claim.py", "path": "/home/runner/work/epic-action/epic-action/epic/src/claim.py"}, "function": "run", "level": {"icon": "‚ùå", "name": "ERROR", "no": 40}, "line": 158, "message": "An error has been caught in function 'run', process 'MainProcess' (3532), thread 'MainThread' (140528981674880):", "module": "claim", "name": "__main__", "process": {"id": 3532, "name": "MainProcess"}, "thread": {"id": 140528981674880, "name": "MainThread"}, "time": {"repr": "2024-01-27 06:27:53.289733+08:00", "timestamp": 1706308073.289733}}}
